# JRE version: Java(TM) SE Runtime Environment (8.0_151-b12) (build 1.8.0_151-b12)
# Java VM: Java HotSpot(TM) 64-Bit Server VM (25.151-b12 mixed mode bsd-amd64 compressed oops)
Heap:
 PSYoungGen      total 198656K, used 115839K [0x00000007b0000000, 0x00000007c0000000, 0x00000007c0000000)
  eden space 164864K, 49% used [0x00000007b0000000,0x00000007b5026d78,0x00000007ba100000)
  from space 33792K, 99% used [0x00000007ba100000,0x00000007bc1f9180,0x00000007bc200000)
  to   space 49664K, 0% used [0x00000007bcf80000,0x00000007bcf80000,0x00000007c0000000)
 ParOldGen       total 524288K, used 88683K [0x0000000790000000, 0x00000007b0000000, 0x00000007b0000000)
  object space 524288K, 16% used [0x0000000790000000,0x000000079569ae90,0x00000007b0000000)
 Metaspace       used 73741K, capacity 78128K, committed 78356K, reserved 1116160K
  class space    used 9478K, capacity 10795K, committed 10812K, reserved 1048576K
GC Heap History (10 events):
Event: 2495.880 GC heap before
{Heap before GC invocations=32 (full 3):
 PSYoungGen      total 207872K, used 207870K [0x00000007b0000000, 0x00000007c0000000, 0x00000007c0000000)
  eden space 173056K, 100% used [0x00000007b0000000,0x00000007ba900000,0x00000007ba900000)
  from space 34816K, 99% used [0x00000007bde00000,0x00000007bffff870,0x00000007c0000000)
  to   space 44544K, 0% used [0x00000007ba900000,0x00000007ba900000,0x00000007bd480000)
 ParOldGen       total 524288K, used 82503K [0x0000000790000000, 0x00000007b0000000, 0x00000007b0000000)
  object space 524288K, 15% used [0x0000000790000000,0x0000000795091e40,0x00000007b0000000)
 Metaspace       used 71241K, capacity 74922K, committed 75028K, reserved 1114112K
  class space    used 9054K, capacity 10195K, committed 10300K, reserved 1048576K
Event: 2495.899 GC heap after
Heap after GC invocations=32 (full 3):
 PSYoungGen      total 201216K, used 27814K [0x00000007b0000000, 0x00000007c0000000, 0x00000007c0000000)
  eden space 173056K, 0% used [0x00000007b0000000,0x00000007b0000000,0x00000007ba900000)
  from space 28160K, 98% used [0x00000007ba900000,0x00000007bc429950,0x00000007bc480000)
  to   space 45056K, 0% used [0x00000007bd400000,0x00000007bd400000,0x00000007c0000000)
 ParOldGen       total 524288K, used 88651K [0x0000000790000000, 0x00000007b0000000, 0x00000007b0000000)
  object space 524288K, 16% used [0x0000000790000000,0x0000000795692e90,0x00000007b0000000)
 Metaspace       used 71241K, capacity 74922K, committed 75028K, reserved 1114112K
  class space    used 9054K, capacity 10195K, committed 10300K, reserved 1048576K
}
Event: 2590.006 GC heap before
{Heap before GC invocations=33 (full 3):
 PSYoungGen      total 201216K, used 200870K [0x00000007b0000000, 0x00000007c0000000, 0x00000007c0000000)
  eden space 173056K, 100% used [0x00000007b0000000,0x00000007ba900000,0x00000007ba900000)
  from space 28160K, 98% used [0x00000007ba900000,0x00000007bc429950,0x00000007bc480000)
  to   space 45056K, 0% used [0x00000007bd400000,0x00000007bd400000,0x00000007c0000000)
 ParOldGen       total 524288K, used 88651K [0x0000000790000000, 0x00000007b0000000, 0x00000007b0000000)
  object space 524288K, 16% used [0x0000000790000000,0x0000000795692e90,0x00000007b0000000)
 Metaspace       used 71851K, capacity 75630K, committed 75924K, reserved 1114112K
  class space    used 9165K, capacity 10341K, committed 10428K, reserved 1048576K
Event: 2590.019 GC heap after
Heap after GC invocations=33 (full 3):
 PSYoungGen      total 216064K, used 29213K [0x00000007b0000000, 0x00000007c0000000, 0x00000007c0000000)
  eden space 171008K, 0% used [0x00000007b0000000,0x00000007b0000000,0x00000007ba700000)
  from space 45056K, 64% used [0x00000007bd400000,0x00000007bf087750,0x00000007c0000000)
  to   space 45568K, 0% used [0x00000007ba700000,0x00000007ba700000,0x00000007bd380000)
 ParOldGen       total 524288K, used 88659K [0x0000000790000000, 0x00000007b0000000, 0x00000007b0000000)
  object space 524288K, 16% used [0x0000000790000000,0x0000000795694e90,0x00000007b0000000)
 Metaspace       used 71851K, capacity 75630K, committed 75924K, reserved 1114112K
  class space    used 9165K, capacity 10341K, committed 10428K, reserved 1048576K
}
Event: 2696.467 GC heap before
{Heap before GC invocations=34 (full 3):
 PSYoungGen      total 216064K, used 200221K [0x00000007b0000000, 0x00000007c0000000, 0x00000007c0000000)
  eden space 171008K, 100% used [0x00000007b0000000,0x00000007ba700000,0x00000007ba700000)
  from space 45056K, 64% used [0x00000007bd400000,0x00000007bf087750,0x00000007c0000000)
  to   space 45568K, 0% used [0x00000007ba700000,0x00000007ba700000,0x00000007bd380000)
 ParOldGen       total 524288K, used 88659K [0x0000000790000000, 0x00000007b0000000, 0x00000007b0000000)
  object space 524288K, 16% used [0x0000000790000000,0x0000000795694e90,0x00000007b0000000)
 Metaspace       used 72294K, capacity 76444K, committed 76564K, reserved 1116160K
  class space    used 9271K, capacity 10502K, committed 10556K, reserved 1048576K
Event: 2696.480 GC heap after
Heap after GC invocations=34 (full 3):
 PSYoungGen      total 202240K, used 30996K [0x00000007b0000000, 0x00000007c0000000, 0x00000007c0000000)
  eden space 171008K, 0% used [0x00000007b0000000,0x00000007b0000000,0x00000007ba700000)
  from space 31232K, 99% used [0x00000007ba700000,0x00000007bc545080,0x00000007bc580000)
  to   space 46592K, 0% used [0x00000007bd280000,0x00000007bd280000,0x00000007c0000000)
 ParOldGen       total 524288K, used 88667K [0x0000000790000000, 0x00000007b0000000, 0x00000007b0000000)
  object space 524288K, 16% used [0x0000000790000000,0x0000000795696e90,0x00000007b0000000)
 Metaspace       used 72294K, capacity 76444K, committed 76564K, reserved 1116160K
  class space    used 9271K, capacity 10502K, committed 10556K, reserved 1048576K
}
Event: 2710.696 GC heap before
{Heap before GC invocations=35 (full 3):
 PSYoungGen      total 202240K, used 201800K [0x00000007b0000000, 0x00000007c0000000, 0x00000007c0000000)
  eden space 171008K, 99% used [0x00000007b0000000,0x00000007ba6cd150,0x00000007ba700000)
  from space 31232K, 99% used [0x00000007ba700000,0x00000007bc545080,0x00000007bc580000)
  to   space 46592K, 0% used [0x00000007bd280000,0x00000007bd280000,0x00000007c0000000)
 ParOldGen       total 524288K, used 88667K [0x0000000790000000, 0x00000007b0000000, 0x00000007b0000000)
  object space 524288K, 16% used [0x0000000790000000,0x0000000795696e90,0x00000007b0000000)
 Metaspace       used 72882K, capacity 77104K, committed 77332K, reserved 1116160K
  class space    used 9398K, capacity 10689K, committed 10812K, reserved 1048576K
Event: 2710.713 GC heap after
Heap after GC invocations=35 (full 3):
 PSYoungGen      total 211456K, used 34319K [0x00000007b0000000, 0x00000007c0000000, 0x00000007c0000000)
  eden space 164864K, 0% used [0x00000007b0000000,0x00000007b0000000,0x00000007ba100000)
  from space 46592K, 73% used [0x00000007bd280000,0x00000007bf403d68,0x00000007c0000000)
  to   space 48640K, 0% used [0x00000007ba100000,0x00000007ba100000,0x00000007bd080000)
 ParOldGen       total 524288K, used 88675K [0x0000000790000000, 0x00000007b0000000, 0x00000007b0000000)
  object space 524288K, 16% used [0x0000000790000000,0x0000000795698e90,0x00000007b0000000)
 Metaspace       used 72882K, capacity 77104K, committed 77332K, reserved 1116160K
  class space    used 9398K, capacity 10689K, committed 10812K, reserved 1048576K
}
Event: 4102.234 GC heap before
{Heap before GC invocations=36 (full 3):
 PSYoungGen      total 211456K, used 199183K [0x00000007b0000000, 0x00000007c0000000, 0x00000007c0000000)
  eden space 164864K, 100% used [0x00000007b0000000,0x00000007ba100000,0x00000007ba100000)
  from space 46592K, 73% used [0x00000007bd280000,0x00000007bf403d68,0x00000007c0000000)
  to   space 48640K, 0% used [0x00000007ba100000,0x00000007ba100000,0x00000007bd080000)
 ParOldGen       total 524288K, used 88675K [0x0000000790000000, 0x00000007b0000000, 0x00000007b0000000)
  object space 524288K, 16% used [0x0000000790000000,0x0000000795698e90,0x00000007b0000000)
 Metaspace       used 73066K, capacity 77374K, committed 77588K, reserved 1116160K
  class space    used 9412K, capacity 10712K, committed 10812K, reserved 1048576K
Event: 4102.251 GC heap after
Heap after GC invocations=36 (full 3):
 PSYoungGen      total 198656K, used 33764K [0x00000007b0000000, 0x00000007c0000000, 0x00000007c0000000)
  eden space 164864K, 0% used [0x00000007b0000000,0x00000007b0000000,0x00000007ba100000)
  from space 33792K, 99% used [0x00000007ba100000,0x00000007bc1f9180,0x00000007bc200000)
  to   space 49664K, 0% used [0x00000007bcf80000,0x00000007bcf80000,0x00000007c0000000)
 ParOldGen       total 524288K, used 88683K [0x0000000790000000, 0x00000007b0000000, 0x00000007b0000000)
  object space 524288K, 16% used [0x0000000790000000,0x000000079569ae90,0x00000007b0000000)
 Metaspace       used 73066K, capacity 77374K, committed 77588K, reserved 1116160K
  class space    used 9412K, capacity 10712K, committed 10812K, reserved 1048576K
}

